Unable to stop recovery indexer in timely fashion","stacktrace":["java.lang.InterruptedException: null",
"at java.base/java.util.concurrent.locks.AbstractQueuedSynchronizer$ConditionObject.awaitNanos(AbstractQueuedSynchronizer.java:2109)",
"at java.base/java.util.concurrent.ThreadPoolExecutor.awaitTermination(ThreadPoolExecutor.java:1454)",
"at org.sonar.server.es.RecoveryIndexer.stop(RecoveryIndexer.java:104)",
"at org.sonar.core.platform.StartableCloseableSafeLifecyleStrategy.stop(StartableCloseableSafeLifecyleStrategy.java:38)",
"at org.picocontainer.injectors.AbstractInjectionFactory$LifecycleAdapter.stop(AbstractInjectionFactory.java:88)",
"at org.picocontainer.behaviors.AbstractBehavior.stop(AbstractBehavior.java:179)",
"at org.picocontainer.behaviors.Stored$RealComponentLifecycle.stop(Stored.java:141)",
"at org.picocontainer.behaviors.Stored.stop(Stored.java:118)",
"at org.picocontainer.DefaultPicoContainer.stopAdapters(DefaultPicoContainer.java:1048)",
"at org.picocontainer.DefaultPicoContainer.stop(DefaultPicoContainer.java:803)",
"at org.sonar.core.platform.ComponentContainer.stopComponents(ComponentContainer.java:152)",
"at java.base/java.lang.Iterable.forEach(Iterable.java:75)",
"at org.sonar.core.platform.ComponentContainer.stopChildren(ComponentContainer.java:167)",
"at org.sonar.core.platform.ComponentContainer.stopComponents(ComponentContainer.java:150)",
"at java.base/java.lang.Iterable.forEach(Iterable.java:75)",
"at org.sonar.core.platform.ComponentContainer.stopChildren(ComponentContainer.java:167)",
"at org.sonar.core.platform.ComponentContainer.stopComponents(ComponentContainer.java:150)",
"at org.sonar.server.platform.platformlevel.PlatformLevel.stop(PlatformLevel.java:85)",
"at org.sonar.server.platform.Platform.stopLevel234Containers(Platform.java:221)",
"at org.sonar.server.platform.Platform.doStop(Platform.java:251)",
"at org.sonar.server.platform.web.PlatformServletContextListener.contextDestroyed(PlatformServletContextListener.java:52)",
"at org.apache.catalina.core.StandardContext.listenerStop(StandardContext.java:4540)",
"at org.apache.catalina.core.StandardContext.stopInternal(StandardContext.java:5179)",
"at org.apache.catalina.util.LifecycleBase.stop(LifecycleBase.java:257)",
"at org.apache.catalina.core.ContainerBase$StopChild.call(ContainerBase.java:1344)",
"at org.apache.catalina.core.ContainerBase$StopChild.call(ContainerBase.java:1333)",
"at java.base/java.util.concurrent.FutureTask.run(FutureTask.java:264)",
"at org.apache.tomcat.util.threads.InlineExecutorService.execute(InlineExecutorService.java:75)",
"at java.base/java.util.concurrent.AbstractExecutorService.submit(AbstractExecutorService.java:140)",
"at org.apache.catalina.core.ContainerBase.stopInternal(ContainerBase.java:931)",
"at org.apache.catalina.util.LifecycleBase.stop(LifecycleBase.java:257)",
"at org.apache.catalina.core.ContainerBase$StopChild.call(ContainerBase.java:1344)",
"at org.apache.catalina.core.ContainerBase$StopChild.call(ContainerBase.java:1333)",
"at java.base/java.util.concurrent.FutureTask.run(FutureTask.java:264)",
"at org.apache.tomcat.util.threads.InlineExecutorService.execute(InlineExecutorService.java:75)",
"at java.base/java.util.concurrent.AbstractExecutorService.submit(AbstractExecutorService.java:140)",
"at org.apache.catalina.core.ContainerBase.stopInternal(ContainerBase.java:931)",
"at org.apache.catalina.util.LifecycleBase.stop(LifecycleBase.java:257)",
"at org.apache.catalina.core.StandardService.stopInternal(StandardService.java:491)",
"at org.apache.catalina.util.LifecycleBase.stop(LifecycleBase.java:257)",
"at org.apache.catalina.core.StandardServer.stopInternal(StandardServer.java:975)",
"at org.apache.catalina.util.LifecycleBase.stop(LifecycleBase.java:257)",
"at org.apache.catalina.startup.Tomcat.stop(Tomcat.java:496)",
"at org.sonar.server.app.EmbeddedTomcat.terminate(EmbeddedTomcat.java:91)",
"at org.sonar.server.app.WebServer.hardStop(WebServer.java:71)",
"at org.sonar.process.ProcessEntryPoint$HardStopperThread.lambda$new$0(ProcessEntryPoint.java:205)",
"at java.base/java.util.concurrent.Executors$RunnableAdapter.call(Executors.java:515)",
"at java.base/java.util.concurrent.FutureTask.run(FutureTask.java:264)",
"at java.base/java.util.concurrent.ThreadPoolExecutor.runWorker(ThreadPoolExecutor.java:1128)",
"at java.base/java.util.concurrent.ThreadPoolExecutor$Worker.run(ThreadPoolExecutor.java:628)",
"at java.base/java.lang.Thread.run(Thread.java:829)"]}
{"process":"web","instant":1692183745636,"date":"2023-08-16T13:02:25.636+02:00","severity":"WARN","logger":"org.apache.catalina.loader.WebappClassLoaderBase","message":"The web application [ROOT] appears to have started a thread named [idle-connection-reaper] but has failed to stop it. This is very likely to create a memory leak. Stack trace of thread:\r java.base@11.0.16.1/java.lang.Thread.sleep(Native Method)\r app//software.amazon.awssdk.http.apache.internal.conn.IdleConnectionReaper$ReaperTask.run(IdleConnectionReaper.java:151)\r java.base@11.0.16.1/java.util.concurrent.ThreadPoolExecutor.runWorker(ThreadPoolExecutor.java:1128)\r java.base@11.0.16.1/java.util.concurrent.ThreadPoolExecutor$Worker.run(ThreadPoolExecutor.java:628)\r java.base@11.0.16.1/java.lang.Thread.run(Thread.java:829)"}
{"process":"web","instant":1692183755687,"date":"2023-08-16T13:02:35.687+02:00","severity":"WARN","logger":"org.apache.tomcat.util.net.Acceptor","message":"The acceptor thread [http-nio-0.0.0.0-9000-Acceptor] did not stop cleanly"}
